[2022-03-20 17:16:56] |  --- Beginning of session ---
[2022-03-20 17:16:56] | Get-KAPEUpdate.ps1 not found, please go download KAPE from https://www.kroll.com/en/services/cyber-risk/incident-response-litigation-support/kroll-artifact-parser-extractor-kape
[2022/05/09 18:24:32] |  --- Beginning of session ---
[2022/05/09 18:24:32] | Get-KAPEUpdate.ps1 not found, please go download KAPE from https://www.kroll.com/en/services/cyber-risk/incident-response-litigation-support/kroll-artifact-parser-extractor-kape
[2022/05/09 18:24:49] | Latest version of this script is 3.3
[2022/05/09 18:25:51] | Current script version is 3.3
[2022/05/09 18:25:51] | Latest version of this script is 3.3
[2022/05/09 18:28:38] |  --- Beginning of session ---
[2022/05/09 18:28:38] | Get-KAPEUpdate.ps1 not found, please go download KAPE from https://www.kroll.com/en/services/cyber-risk/incident-response-litigation-support/kroll-artifact-parser-extractor-kape
[2022/05/09 18:29:02] | Current script version is 3.3
[2022/05/09 18:29:03] | Latest version of this script is 3.3
[2022/05/09 18:34:11] |  --- Beginning of session ---
[2022/05/09 18:34:11] | Get-KAPEUpdate.ps1 not found, please go download KAPE from https://www.kroll.com/en/services/cyber-risk/incident-response-litigation-support/kroll-artifact-parser-extractor-kape
[2022/05/09 18:34:18] | Current script version is 3.3
[2022/05/09 18:34:19] | Latest version of this script is 3.3
[2022/05/09 18:34:43] | Current script version is 
[2022/05/09 18:34:44] | Latest version of this script is 3.3
[2022/05/09 18:36:06] | Current script version is 
[2022/05/09 18:36:07] | Latest version of this script is 3.3
[2022/05/09 18:37:09] |  --- Beginning of session ---
[2022/05/09 18:37:09] | Get-KAPEUpdate.ps1 not found, please go download KAPE from https://www.kroll.com/en/services/cyber-risk/incident-response-litigation-support/kroll-artifact-parser-extractor-kape
[2022/05/09 18:37:22] | Current script version is 
[2022/05/09 18:37:23] | Latest version of this script is 3.3
[2022/05/09 18:39:31] | Current script version is 
[2022/05/09 18:39:32] | Latest version of this script is 3.3
[2022/05/09 18:40:05] | Current script version is 3.2
[2022/05/09 18:40:06] | Latest version of this script is 3.3
[2022/05/09 18:44:23] | Current script version is 3.2
[2022/05/09 18:44:24] | Latest version of this script is 3.3
[2022/05/09 18:45:18] | Current script version is 3.2
[2022/05/09 18:45:18] | Latest version of this script is 3.3
[2022/05/09 18:45:18] | Updating script to the latest version
[2022/05/10 05:27:32] | Current script version is 3.2
[2022/05/10 05:27:33] | Latest version of this script is 3.3
[2022/05/10 05:27:33] | Updating script to the latest version
